2022-12-14 22:12:18,683 INFO  [Log] ** 
2022-12-14 22:12:18,684 INFO  [Log] ** 
2022-12-14 22:12:18,694 INFO  [Log] ############   My first test case is Login test ################ 
2022-12-14 22:12:18,694 INFO  [Log] ** 
2022-12-14 22:12:18,695 INFO  [Log] ** 
2022-12-14 22:12:18,695 INFO  [Log] My login test is going on 
2022-12-14 22:12:18,696 INFO  [Log] My test case might be failed 
2022-12-14 22:12:21,982 INFO  [Log] My test case is about to complete 
2022-12-14 22:12:21,982 INFO  [Log] ################################## 
2022-12-14 22:12:21,982 INFO  [Log] ########################################## 
2022-12-14 22:12:21,982 INFO  [Log] ############   This is my login test again ################ 
2022-12-14 22:12:21,982 INFO  [Log] ########################## 
2022-12-14 22:12:21,983 INFO  [Log] ########################################## 
2023-01-08 13:27:50,235 INFO  [Log] ** 
2023-01-08 13:27:50,235 INFO  [Log] ** 
2023-01-08 13:27:50,244 INFO  [Log] ############   My first test case is Login test ################ 
2023-01-08 13:27:50,244 INFO  [Log] ** 
2023-01-08 13:27:50,244 INFO  [Log] ** 
2023-01-08 13:27:50,244 INFO  [Log] My login test is going on 
2023-01-08 13:27:50,244 INFO  [Log] My test case might be failed 
2023-01-08 13:27:57,761 INFO  [Log] My test case is about to complete 
2023-01-08 13:27:57,761 INFO  [Log] ################################## 
2023-01-08 13:27:57,761 INFO  [Log] ########################################## 
2023-01-08 13:27:57,763 INFO  [Log] ############   This is my login test again ################ 
2023-01-08 13:27:57,763 INFO  [Log] ########################## 
2023-01-08 13:27:57,763 INFO  [Log] ########################################## 
2023-01-08 13:31:50,836 INFO  [Log] ** 
2023-01-08 13:31:50,836 INFO  [Log] ** 
2023-01-08 13:31:50,844 INFO  [Log] ############   My first test case is Login test ################ 
2023-01-08 13:31:50,844 INFO  [Log] ** 
2023-01-08 13:31:50,844 INFO  [Log] ** 
2023-01-08 13:31:50,844 INFO  [Log] My login test is going on 
2023-01-08 13:31:50,844 INFO  [Log] My test case might be failed 
2023-01-08 13:31:59,580 INFO  [Log] My test case is about to complete 
2023-01-08 13:31:59,581 INFO  [Log] ################################## 
2023-01-08 13:31:59,581 INFO  [Log] ########################################## 
2023-01-08 13:31:59,581 INFO  [Log] ############   This is my login test again ################ 
2023-01-08 13:31:59,581 INFO  [Log] ########################## 
2023-01-08 13:31:59,581 INFO  [Log] ########################################## 
2023-01-08 13:33:30,207 INFO  [Log] ** 
2023-01-08 13:33:30,208 INFO  [Log] ** 
2023-01-08 13:33:30,223 INFO  [Log] ############   My first test case is Login test ################ 
2023-01-08 13:33:30,223 INFO  [Log] ** 
2023-01-08 13:33:30,223 INFO  [Log] ** 
2023-01-08 13:33:30,223 INFO  [Log] My login test is going on 
2023-01-08 13:33:30,223 INFO  [Log] My test case might be failed 
2023-01-08 13:33:38,047 INFO  [Log] My test case is about to complete 
2023-01-08 13:33:38,047 INFO  [Log] ################################## 
2023-01-08 13:33:38,047 INFO  [Log] ########################################## 
2023-01-08 13:33:38,047 INFO  [Log] ############   This is my login test again ################ 
2023-01-08 13:33:38,048 INFO  [Log] ########################## 
2023-01-08 13:33:38,048 INFO  [Log] ########################################## 
2023-01-08 13:38:44,051 INFO  [Log] ** 
2023-01-08 13:38:44,051 INFO  [Log] ** 
2023-01-08 13:38:44,064 INFO  [Log] ############   My first test case is Login test ################ 
2023-01-08 13:38:44,064 INFO  [Log] ** 
2023-01-08 13:38:44,064 INFO  [Log] ** 
2023-01-08 13:38:44,064 INFO  [Log] My login test is going on 
2023-01-08 13:38:44,064 INFO  [Log] My test case might be failed 
2023-01-08 13:38:53,040 INFO  [Log] My test case is about to complete 
2023-01-08 13:38:53,040 INFO  [Log] ################################## 
2023-01-08 13:38:53,040 INFO  [Log] ########################################## 
2023-01-08 13:38:53,040 INFO  [Log] ############   This is my login test again ################ 
2023-01-08 13:38:53,040 INFO  [Log] ########################## 
2023-01-08 13:38:53,040 INFO  [Log] ########################################## 
